<?xml version="1.0" encoding="UTF-8"?>
<!-- Generated by org.testng.reporters.JUnitReportReporter -->
<testsuite skipped="0" hostname="DESKTOP-GHICI8Q" name="org.quotation.project.CalculatePremium" tests="1" failures="0" timestamp="06 Jan 2019 02:48:39 GMT" time="0.612" errors="0">
  <testcase name="verifyPremiumCalculation" time="0.612" classname="org.quotation.project.CalculatePremium"/>
</testsuite> <!-- org.quotation.project.CalculatePremium -->
